C:\USERS\LYUBOW KAMINSKAYA\DESKTOP\Курсовая\KURS_L_T1\KURS_L_T1\RELEASE\KURS_L_T1.PCH
C:\USERS\LYUBOW KAMINSKAYA\DESKTOP\Курсовая\KURS_L_T1\KURS_L_T1\RELEASE\STDAFX.OBJ
C:\USERS\LYUBOW KAMINSKAYA\DESKTOP\КУРСОВАЯ\KURS_L_T1\KURS_L_T1\RELEASE\VC110.PDB
C:\USERS\LYUBOW KAMINSKAYA\DESKTOP\Курсовая\KURS_L_T1\KURS_L_T1\RELEASE\TXTFILE.OBJ
C:\USERS\LYUBOW KAMINSKAYA\DESKTOP\Курсовая\KURS_L_T1\KURS_L_T1\RELEASE\LOGICALLEVEL.OBJ
C:\USERS\LYUBOW KAMINSKAYA\DESKTOP\Курсовая\KURS_L_T1\KURS_L_T1\RELEASE\DRAWING.OBJ
C:\USERS\LYUBOW KAMINSKAYA\DESKTOP\Курсовая\KURS_L_T1\KURS_L_T1\RELEASE\GAMEFILE.OBJ
C:\USERS\LYUBOW KAMINSKAYA\DESKTOP\Курсовая\KURS_L_T1\KURS_L_T1\RELEASE\BMPFILE.OBJ
C:\USERS\LYUBOW KAMINSKAYA\DESKTOP\Курсовая\KURS_L_T1\KURS_L_T1\RELEASE\BMP.OBJ
C:\USERS\LYUBOW KAMINSKAYA\DESKTOP\Курсовая\KURS_L_T1\KURS_L_T1\RELEASE\ASSEMBLYINFO.OBJ
C:\USERS\LYUBOW KAMINSKAYA\DESKTOP\КУРСОВАЯ\KURS_L_T1\KURS_L_T1\RELEASE\ASSEMBLYINFO.OBJ
C:\USERS\LYUBOW KAMINSKAYA\DESKTOP\Курсовая\KURS_L_T1\KURS_L_T1\RELEASE\.NETFRAMEWORK,VERSION=V4.5.ASSEMBLYATTRIBUTES.OBJ
C:\USERS\LYUBOW KAMINSKAYA\DESKTOP\Курсовая\KURS_L_T1\KURS_L_T1\RELEASE\KURS_L_T1.OBJ
D:\KURS_L_T1\KURS_L_T1\RELEASE\KURS_L_T1.PCH
D:\KURS_L_T1\KURS_L_T1\RELEASE\STDAFX.OBJ
D:\KURS_L_T1\KURS_L_T1\RELEASE\VC110.PDB
D:\KURS_L_T1\KURS_L_T1\RELEASE\TXTFILE.OBJ
D:\KURS_L_T1\KURS_L_T1\RELEASE\LOGICALLEVEL.OBJ
D:\KURS_L_T1\KURS_L_T1\RELEASE\KURS_L_T1.OBJ
D:\KURS_L_T1\KURS_L_T1\RELEASE\DRAWING.OBJ
D:\KURS_L_T1\KURS_L_T1\RELEASE\GAMEFILE.OBJ
D:\KURS_L_T1\KURS_L_T1\RELEASE\BMPFILE.OBJ
D:\KURS_L_T1\KURS_L_T1\RELEASE\BMP.OBJ
D:\KURS_L_T1\KURS_L_T1\RELEASE\ASSEMBLYINFO.OBJ
D:\KURS_L_T1\KURS_L_T1\RELEASE\.NETFRAMEWORK,VERSION=V4.5.ASSEMBLYATTRIBUTES.OBJ
C:\USERS\LYUBOW KAMINSKAYA\DESKTOP\КУРСОВАЯ\KURS_L_T1\KURS_L_T1\RELEASE\BMPFILE.OBJ
C:\USERS\LYUBOW KAMINSKAYA\DESKTOP\КУРСОВАЯ\KURS_L_T1\KURS_L_T1\RELEASE\GAMEFILE.OBJ
C:\USERS\LYUBOW KAMINSKAYA\DESKTOP\КУРСОВАЯ\KURS_L_T1\KURS_L_T1\RELEASE\TXTFILE.OBJ
C:\USERS\LYUBOW KAMINSKAYA\DESKTOP\КУРСОВАЯ\KURS_L_T1\KURS_L_T1\RELEASE\KURS_L_T1.OBJ
䍞尺獕牥屳祌扵睯䬠浡湩歳祡屡敄歳潴屰髐菑胑臑뻐닐냐近歜牵彳彬ㅴ歜牵彳彬ㅴ歜牵彳彬ㅴ瘮硣牰橯਍㩃啜敳獲䱜畹潢⁷態業獮慫慹䑜獥瑫灯큜톚톃톀킁킾킲톰岏畫獲江瑟就畫獲江瑟就敒敬獡履畫獲江瑟⸱潆浲⸱敲潳牵散൳帊㩃啜敳獲䱜畹潢⁷態業獮慫慹䑜獥瑫灯큜톚톃톀킁킾킲톰岏畫獲江瑟就畫獲江瑟就畫獲江瑟⸱捶灸潲൪䌊尺獕牥屳祌扵睯䬠浡湩歳祡屡敄歳潴屰髐菑胑臑뻐닐냐近歜牵彳彬ㅴ歜牵彳彬ㅴ剜汥慥敳歜牵彳彬ㅴ䘮牯ㅭ爮獥畯捲獥਍䍞尺獕牥屳祌扵睯䬠浡湩歳祡屡敄歳潴屰髐菑胑臑뻐닐냐近歜牵彳彬ㅴ歜牵彳彬ㅴ歜牵彳彬ㅴ瘮硣牰橯਍㩃啜敳獲䱜畹潢⁷態業獮慫慹䑜獥瑫灯큜톚톃톀킁킾킲톰岏畫獲江瑟就畫獲江瑟就敒敬獡履畫獲江瑟⸱潆浲⸱敲潳牵散൳帊㩃啜敳獲䱜畹潢⁷態業獮慫慹䑜獥瑫灯큜톚톃톀킁킾킲톰岏畫獲江瑟就畫獲江瑟就畫獲江瑟⸱捶灸潲൪䌊尺獕牥屳祌扵睯䬠浡湩歳祡屡敄歳潴屰髐菑胑臑뻐닐냐近歜牵彳彬ㅴ歜牵彳彬ㅴ剜汥慥敳歜牵彳彬ㅴ䘮牯ㅭ爮獥畯捲獥਍䍞尺獕牥屳祌扵睯䬠浡湩歳祡屡敄歳潴屰髐菑胑臑뻐닐냐近歜牵彳彬ㅴ歜牵彳彬ㅴ歜牵彳彬ㅴ瘮硣牰橯਍㩃啜敳獲䱜畹潢⁷態業獮慫慹䑜獥瑫灯큜톚톃톀킁킾킲톰岏畫獲江瑟就畫獲江瑟就敒敬獡履畫獲江瑟⸱潆浲⸱敲潳牵散൳帊㩃啜敳獲䱜畹潢⁷態業獮慫慹䑜獥瑫灯큜톚톃톀킁킾킲톰岏畫獲江瑟就畫獲江瑟就畫獲江瑟⸱捶灸潲൪䌊尺獕牥屳祌扵睯䬠浡湩歳祡屡敄歳潴屰髐菑胑臑뻐닐냐近歜牵彳彬ㅴ歜牵彳彬ㅴ剜汥慥敳歜牵彳彬ㅴ䘮牯ㅭ爮獥畯捲獥਍䍞尺獕牥屳祌扵睯䬠浡湩歳祡屡敄歳潴屰髐菑胑臑뻐닐냐近歜牵彳彬ㅴ歜牵彳彬ㅴ歜牵彳彬ㅴ瘮硣牰橯਍㩃啜敳獲䱜畹潢⁷態業獮慫慹䑜獥瑫灯큜톚톃톀킁킾킲톰岏畫獲江瑟就畫獲江瑟就敒敬獡履畫獲江瑟⸱潆浲⸱敲潳牵散൳帊㩃啜敳獲䱜畹潢⁷態業獮慫慹䑜獥瑫灯큜톚톃톀킁킾킲톰岏畫獲江瑟就畫獲江瑟就畫獲江瑟⸱捶灸潲൪䌊尺獕牥屳祌扵睯䬠浡湩歳祡屡敄歳潴屰髐菑胑臑뻐닐냐近歜牵彳彬ㅴ歜牵彳彬ㅴ剜汥慥敳歜牵彳彬ㅴ䘮牯ㅭ爮獥畯捲獥਍䍞尺獕牥屳祌扵睯䬠浡湩歳祡屡敄歳潴屰髐菑胑臑뻐닐냐近歜牵彳彬ㅴ歜牵彳彬ㅴ歜牵彳彬ㅴ瘮硣牰橯਍㩃啜敳獲䱜畹潢⁷態業獮慫慹䑜獥瑫灯큜톚톃톀킁킾킲톰岏畫獲江瑟就畫獲江瑟就敒敬獡履畫獲江瑟⸱潆浲⸱敲潳牵散൳帊㩃啜敳獲䱜畹潢⁷態業獮慫慹䑜獥瑫灯큜톚톃톀킁킾킲톰岏畫獲江瑟就畫獲江瑟就畫獲江瑟⸱捶灸潲൪䌊尺獕牥屳祌扵睯䬠浡湩歳祡屡敄歳潴屰髐菑胑臑뻐닐냐近歜牵彳彬ㅴ歜牵彳彬ㅴ剜汥慥敳歜牵彳彬ㅴ䘮牯ㅭ爮獥畯捲獥਍䍞尺獕牥屳祌扵睯䬠浡湩歳祡屡敄歳潴屰髐菑胑臑뻐닐냐近歜牵彳彬ㅴ歜牵彳彬ㅴ歜牵彳彬ㅴ瘮硣牰橯਍㩃啜敳獲䱜畹潢⁷態業獮慫慹䑜獥瑫灯큜톚톃톀킁킾킲톰岏畫獲江瑟就畫獲江瑟就敒敬獡履畫獲江瑟⸱潆浲⸱敲潳牵散൳帊㩃啜敳獲䱜畹潢⁷態業獮慫慹䑜獥瑫灯큜톚톃톀킁킾킲톰岏畫獲江瑟就畫獲江瑟就畫獲江瑟⸱捶灸潲൪䌊尺獕牥屳祌扵睯䬠浡湩歳祡屡敄歳潴屰髐菑胑臑뻐닐냐近歜牵彳彬ㅴ歜牵彳彬ㅴ剜汥慥敳歜牵彳彬ㅴ䘮牯ㅭ爮獥畯捲獥਍䍞尺獕牥屳祌扵睯䬠浡湩歳祡屡敄歳潴屰髐菑胑臑뻐닐냐近歜牵彳彬ㅴ歜牵彳彬ㅴ歜牵彳彬ㅴ瘮硣牰橯਍㩃啜敳獲䱜畹潢⁷態業獮慫慹䑜獥瑫灯큜톚톃톀킁킾킲톰岏畫獲江瑟就畫獲江瑟就敒敬獡履畫獲江瑟⸱潆浲⸱敲潳牵散൳帊㩃啜敳獲䱜畹潢⁷態業獮慫慹䑜獥瑫灯큜톚톃톀킁킾킲톰岏畫獲江瑟就畫獲江瑟就畫獲江瑟⸱捶灸潲൪䌊尺獕牥屳祌扵睯䬠浡湩歳祡屡敄歳潴屰髐菑胑臑뻐닐냐近歜牵彳彬ㅴ歜牵彳彬ㅴ剜汥慥敳歜牵彳彬ㅴ䘮牯ㅭ爮獥畯捲獥਍䍞尺獕牥屳祌扵睯䬠浡湩歳祡屡敄歳潴屰髐菑胑臑뻐닐냐近歜牵彳彬ㅴ歜牵彳彬ㅴ歜牵彳彬ㅴ瘮硣牰橯਍㩃啜敳獲䱜畹潢⁷態業獮慫慹䑜獥瑫灯큜톚톃톀킁킾킲톰岏畫獲江瑟就畫獲江瑟就敒敬獡履畫獲江瑟⸱潆浲⸱敲潳牵散൳帊㩃啜敳獲䱜畹潢⁷態業獮慫慹䑜獥瑫灯큜톚톃톀킁킾킲톰岏畫獲江瑟就畫獲江瑟就畫獲江瑟⸱捶灸潲൪䌊尺獕牥屳祌扵睯䬠浡湩歳祡屡敄歳潴屰髐菑胑臑뻐닐냐近歜牵彳彬ㅴ歜牵彳彬ㅴ剜汥慥敳歜牵彳彬ㅴ䘮牯ㅭ爮獥畯捲獥਍䍞尺獕牥屳祌扵睯䬠浡湩歳祡屡敄歳潴屰髐菑胑臑뻐닐냐近歜牵彳彬ㅴ歜牵彳彬ㅴ歜牵彳彬ㅴ瘮硣牰橯਍㩃啜敳獲䱜畹潢⁷態業獮慫慹䑜獥瑫灯큜톚톃톀킁킾킲톰岏畫獲江瑟就畫獲江瑟就敒敬獡履畫獲江瑟⸱潆浲⸱敲潳牵散൳帊㩃啜敳獲䱜畹潢⁷態業獮慫慹䑜獥瑫灯큜톚톃톀킁킾킲톰岏畫獲江瑟就畫獲江瑟就畫獲江瑟⸱捶灸潲൪䌊尺獕牥屳祌扵睯䬠浡湩歳祡屡敄歳潴屰髐菑胑臑뻐닐냐近歜牵彳彬ㅴ歜牵彳彬ㅴ剜汥慥敳歜牵彳彬ㅴ䘮牯ㅭ爮獥畯捲獥਍䍞尺獕牥屳祌扵睯䬠浡湩歳祡屡敄歳潴屰髐菑胑臑뻐닐냐近歜牵彳彬ㅴ歜牵彳彬ㅴ歜牵彳彬ㅴ瘮硣牰橯਍㩃啜敳獲䱜畹潢⁷態業獮慫慹䑜獥瑫灯큜톚톃톀킁킾킲톰岏畫獲江瑟就畫獲江瑟就敒敬獡履畫獲江瑟⸱潆浲⸱敲潳牵散൳帊㩃啜敳獲䱜畹潢⁷態業獮慫慹䑜獥瑫灯큜톚톃톀킁킾킲톰岏畫獲江瑟就畫獲江瑟就畫獲江瑟⸱捶灸潲൪䌊尺獕牥屳祌扵睯䬠浡湩歳祡屡敄歳潴屰髐菑胑臑뻐닐냐近歜牵彳彬ㅴ歜牵彳彬ㅴ剜汥慥敳歜牵彳彬ㅴ䘮牯ㅭ爮獥畯捲獥਍䍞尺獕牥屳祌扵睯䬠浡湩歳祡屡敄歳潴屰髐菑胑臑뻐닐냐近歜牵彳彬ㅴ歜牵彳彬ㅴ歜牵彳彬ㅴ瘮硣牰橯਍㩃啜敳獲䱜畹潢⁷態業獮慫慹䑜獥瑫灯큜톚톃톀킁킾킲톰岏畫獲江瑟就畫獲江瑟就敒敬獡履畫獲江瑟⸱潆浲⸱敲潳牵散൳帊㩃啜敳獲䱜畹潢⁷態業獮慫慹䑜獥瑫灯큜톚톃톀킁킾킲톰岏畫獲江瑟就畫獲江瑟就畫獲江瑟⸱捶灸潲൪䌊尺獕牥屳祌扵睯䬠浡湩歳祡屡敄歳潴屰髐菑胑臑뻐닐냐近歜牵彳彬ㅴ歜牵彳彬ㅴ剜汥慥敳歜牵彳彬ㅴ䘮牯ㅭ爮獥畯捲獥਍䍞尺獕牥屳祌扵睯䬠浡湩歳祡屡敄歳潴屰髐菑胑臑뻐닐냐近歜牵彳彬ㅴ歜牵彳彬ㅴ歜牵彳彬ㅴ瘮硣牰橯਍㩃啜敳獲䱜畹潢⁷態業獮慫慹䑜獥瑫灯큜톚톃톀킁킾킲톰岏畫獲江瑟就畫獲江瑟就敒敬獡履畫獲江瑟⸱潆浲⸱敲潳牵散൳帊㩃啜敳獲䱜畹潢⁷態業獮慫慹䑜獥瑫灯큜톚톃톀킁킾킲톰岏畫獲江瑟就畫獲江瑟就畫獲江瑟⸱捶灸潲൪䌊尺獕牥屳祌扵睯䬠浡湩歳祡屡敄歳潴屰髐菑胑臑뻐닐냐近歜牵彳彬ㅴ歜牵彳彬ㅴ剜汥慥敳歜牵彳彬ㅴ䘮牯ㅭ爮獥畯捲獥਍䍞尺獕牥屳祌扵睯䬠浡湩歳祡屡敄歳潴屰髐菑胑臑뻐닐냐近歜牵彳彬ㅴ歜牵彳彬ㅴ歜牵彳彬ㅴ瘮硣牰橯਍㩃啜敳獲䱜畹潢⁷態業獮慫慹䑜獥瑫灯큜톚톃톀킁킾킲톰岏畫獲江瑟就畫獲江瑟就敒敬獡履畫獲江瑟⸱潆浲⸱敲潳牵散൳帊㩃啜敳獲䱜畹潢⁷態業獮慫慹䑜獥瑫灯큜톚톃톀킁킾킲톰岏畫獲江瑟就畫獲江瑟就畫獲江瑟⸱捶灸潲൪䌊尺獕牥屳祌扵睯䬠浡湩歳祡屡敄歳潴屰髐菑胑臑뻐닐냐近歜牵彳彬ㅴ歜牵彳彬ㅴ剜汥慥敳歜牵彳彬ㅴ䘮牯ㅭ爮獥畯捲獥਍䍞尺獕牥屳祌扵睯䬠浡湩歳祡屡敄歳潴屰髐菑胑臑뻐닐냐近歜牵彳彬ㅴ歜牵彳彬ㅴ歜牵彳彬ㅴ瘮硣牰橯਍㩃啜敳獲䱜畹潢⁷態業獮慫慹䑜獥瑫灯큜톚톃톀킁킾킲톰岏畫獲江瑟就畫獲江瑟就敒敬獡履畫獲江瑟⸱潆浲⸱敲潳牵散൳帊㩃啜敳獲䱜畹潢⁷態業獮慫慹䑜獥瑫灯큜톚톃톀킁킾킲톰岏畫獲江瑟就畫獲江瑟就畫獲江瑟⸱捶灸潲൪䌊尺獕牥屳祌扵睯䬠浡湩歳祡屡敄歳潴屰髐菑胑臑뻐닐냐近歜牵彳彬ㅴ歜牵彳彬ㅴ剜汥慥敳歜牵彳彬ㅴ䘮牯ㅭ爮獥畯捲獥਍䍞尺獕牥屳祌扵睯䬠浡湩歳祡屡敄歳潴屰髐菑胑臑뻐닐냐近歜牵彳彬ㅴ歜牵彳彬ㅴ歜牵彳彬ㅴ瘮硣牰橯਍㩃啜敳獲䱜畹潢⁷態業獮慫慹䑜獥瑫灯큜톚톃톀킁킾킲톰岏畫獲江瑟就畫獲江瑟就敒敬獡履畫獲江瑟⸱潆浲⸱敲潳牵散൳帊㩃啜敳獲䱜畹潢⁷態業獮慫慹䑜獥瑫灯큜톚톃톀킁킾킲톰岏畫獲江瑟就畫獲江瑟就畫獲江瑟⸱捶灸潲൪䌊尺獕牥屳祌扵睯䬠浡湩歳祡屡敄歳潴屰髐菑胑臑뻐닐냐近歜牵彳彬ㅴ歜牵彳彬ㅴ剜汥慥敳歜牵彳彬ㅴ䘮牯ㅭ爮獥畯捲獥਍䍞尺獕牥屳祌扵睯䬠浡湩歳祡屡敄歳潴屰髐菑胑臑뻐닐냐近歜牵彳彬ㅴ歜牵彳彬ㅴ歜牵彳彬ㅴ瘮硣牰橯਍㩃啜敳獲䱜畹潢⁷態業獮慫慹䑜獥瑫灯큜톚톃톀킁킾킲톰岏畫獲江瑟就畫獲江瑟就敒敬獡履畫獲江瑟⸱潆浲⸱敲潳牵散൳帊㩃啜敳獲䱜畹潢⁷態業獮慫慹䑜獥瑫灯큜톚톃톀킁킾킲톰岏畫獲江瑟就畫獲江瑟就畫獲江瑟⸱捶灸潲൪䌊尺獕牥屳祌扵睯䬠浡湩歳祡屡敄歳潴屰髐菑胑臑뻐닐냐近歜牵彳彬ㅴ歜牵彳彬ㅴ剜汥慥敳歜牵彳彬ㅴ䘮牯ㅭ爮獥畯捲獥਍䍞尺獕牥屳祌扵睯䬠浡湩歳祡屡敄歳潴屰髐菑胑臑뻐닐냐近歜牵彳彬ㅴ歜牵彳彬ㅴ歜牵彳彬ㅴ瘮硣牰橯਍㩃啜敳獲䱜畹潢⁷態業獮慫慹䑜獥瑫灯큜톚톃톀킁킾킲톰岏畫獲江瑟就畫獲江瑟就敒敬獡履畫獲江瑟⸱潆浲⸱敲潳牵散൳帊㩃啜敳獲䱜畹潢⁷態業獮慫慹䑜獥瑫灯큜톚톃톀킁킾킲톰岏畫獲江瑟就畫獲江瑟就畫獲江瑟⸱捶灸潲൪䌊尺獕牥屳祌扵睯䬠浡湩歳祡屡敄歳潴屰髐菑胑臑뻐닐냐近歜牵彳彬ㅴ歜牵彳彬ㅴ剜汥慥敳歜牵彳彬ㅴ䘮牯ㅭ爮獥畯捲獥਍䍞尺獕牥屳祌扵睯䬠浡湩歳祡屡敄歳潴屰髐菑胑臑뻐닐냐近歜牵彳彬ㅴ歜牵彳彬ㅴ歜牵彳彬ㅴ瘮硣牰橯਍㩃啜敳獲䱜畹潢⁷態業獮慫慹䑜獥瑫灯큜톚톃톀킁킾킲톰岏畫獲江瑟就畫獲江瑟就敒敬獡履畫獲江瑟⸱潆浲⸱敲潳牵散൳帊㩃啜敳獲䱜畹潢⁷態業獮慫慹䑜獥瑫灯큜톚톃톀킁킾킲톰岏畫獲江瑟就畫獲江瑟就畫獲江瑟⸱捶灸潲൪䌊尺獕牥屳祌扵睯䬠浡湩歳祡屡敄歳潴屰髐菑胑臑뻐닐냐近歜牵彳彬ㅴ歜牵彳彬ㅴ剜汥慥敳歜牵彳彬ㅴ䘮牯ㅭ爮獥畯捲獥਍䍞尺獕牥屳祌扵睯䬠浡湩歳祡屡敄歳潴屰髐菑胑臑뻐닐냐近歜牵彳彬ㅴ歜牵彳彬ㅴ歜牵彳彬ㅴ瘮硣牰橯਍㩃啜敳獲䱜畹潢⁷態業獮慫慹䑜獥瑫灯큜톚톃톀킁킾킲톰岏畫獲江瑟就畫獲江瑟就敒敬獡履畫獲江瑟⸱潆浲⸱敲潳牵散൳帊㩃啜敳獲䱜畹潢⁷態業獮慫慹䑜獥瑫灯큜톚톃톀킁킾킲톰岏畫獲江瑟就畫獲江瑟就畫獲江瑟⸱捶灸潲൪䌊尺獕牥屳祌扵睯䬠浡湩歳祡屡敄歳潴屰髐菑胑臑뻐닐냐近歜牵彳彬ㅴ歜牵彳彬ㅴ剜汥慥敳歜牵彳彬ㅴ䘮牯ㅭ爮獥畯捲獥਍䍞尺獕牥屳祌扵睯䬠浡湩歳祡屡敄歳潴屰髐菑胑臑뻐닐냐近歜牵彳彬ㅴ歜牵彳彬ㅴ歜牵彳彬ㅴ瘮硣牰橯਍㩃啜敳獲䱜畹潢⁷態業獮慫慹䑜獥瑫灯큜톚톃톀킁킾킲톰岏畫獲江瑟就畫獲江瑟就敒敬獡履畫獲江瑟⸱潆浲⸱敲潳牵散൳帊㩃啜敳獲䱜畹潢⁷態業獮慫慹䑜獥瑫灯큜톚톃톀킁킾킲톰岏畫獲江瑟就畫獲江瑟就畫獲江瑟⸱捶灸潲൪䌊尺獕牥屳祌扵睯䬠浡湩歳祡屡敄歳潴屰髐菑胑臑뻐닐냐近歜牵彳彬ㅴ歜牵彳彬ㅴ剜汥慥敳歜牵彳彬ㅴ䘮牯ㅭ爮獥畯捲獥਍䍞尺獕牥屳祌扵睯䬠浡湩歳祡屡敄歳潴屰髐菑胑臑뻐닐냐近歜牵彳彬ㅴ歜牵彳彬ㅴ歜牵彳彬ㅴ瘮硣牰橯਍㩃啜敳獲䱜畹潢⁷態業獮慫慹䑜獥瑫灯큜톚톃톀킁킾킲톰岏畫獲江瑟就畫獲江瑟就敒敬獡履畫獲江瑟⸱潆浲⸱敲潳牵散൳帊㩃啜敳獲䱜畹潢⁷態業獮慫慹䑜獥瑫灯큜톚톃톀킁킾킲톰岏畫獲江瑟就畫獲江瑟就畫獲江瑟⸱捶灸潲൪䌊尺獕牥屳祌扵睯䬠浡湩歳祡屡敄歳潴屰髐菑胑臑뻐닐냐近歜牵彳彬ㅴ歜牵彳彬ㅴ剜汥慥敳歜牵彳彬ㅴ䘮牯ㅭ爮獥畯捲獥਍䍞尺獕牥屳祌扵睯䬠浡湩歳祡屡敄歳潴屰髐菑胑臑뻐닐냐近歜牵彳彬ㅴ歜牵彳彬ㅴ歜牵彳彬ㅴ瘮硣牰橯਍㩃啜敳獲䱜畹潢⁷態業獮慫慹䑜獥瑫灯큜톚톃톀킁킾킲톰岏畫獲江瑟就畫獲江瑟就敒敬獡履畫獲江瑟⸱潆浲⸱敲潳牵散൳帊㩃啜敳獲䱜畹潢⁷態業獮慫慹䑜獥瑫灯큜톚톃톀킁킾킲톰岏畫獲江瑟就畫獲江瑟就畫獲江瑟⸱捶灸潲൪䌊尺獕牥屳祌扵睯䬠浡湩歳祡屡敄歳潴屰髐菑胑臑뻐닐냐近歜牵彳彬ㅴ歜牵彳彬ㅴ剜汥慥敳歜牵彳彬ㅴ䘮牯ㅭ爮獥畯捲獥਍䍞尺獕牥屳祌扵睯䬠浡湩歳祡屡敄歳潴屰髐菑胑臑뻐닐냐近歜牵彳彬ㅴ歜牵彳彬ㅴ歜牵彳彬ㅴ瘮硣牰橯਍㩃啜敳獲䱜畹潢⁷態業獮慫慹䑜獥瑫灯큜톚톃톀킁킾킲톰岏畫獲江瑟就畫獲江瑟就敒敬獡履畫獲江瑟⸱潆浲⸱敲潳牵散൳帊㩃啜敳獲䱜畹潢⁷態業獮慫慹䑜獥瑫灯큜톚톃톀킁킾킲톰岏畫獲江瑟就畫獲江瑟就畫獲江瑟⸱捶灸潲൪䌊尺獕牥屳祌扵睯䬠浡湩歳祡屡敄歳潴屰髐菑胑臑뻐닐냐近歜牵彳彬ㅴ歜牵彳彬ㅴ剜汥慥敳歜牵彳彬ㅴ䘮牯ㅭ爮獥畯捲獥਍䍞尺獕牥屳祌扵睯䬠浡湩歳祡屡敄歳潴屰髐菑胑臑뻐닐냐近歜牵彳彬ㅴ歜牵彳彬ㅴ歜牵彳彬ㅴ瘮硣牰橯਍㩃啜敳獲䱜畹潢⁷態業獮慫慹䑜獥瑫灯큜톚톃톀킁킾킲톰岏畫獲江瑟就畫獲江瑟就敒敬獡履畫獲江瑟⸱潆浲⸱敲潳牵散൳帊㩃啜敳獲䱜畹潢⁷態業獮慫慹䑜獥瑫灯큜톚톃톀킁킾킲톰岏畫獲江瑟就畫獲江瑟就畫獲江瑟⸱捶灸潲൪䌊尺獕牥屳祌扵睯䬠浡湩歳祡屡敄歳潴屰髐菑胑臑뻐닐냐近歜牵彳彬ㅴ歜牵彳彬ㅴ剜汥慥敳歜牵彳彬ㅴ䘮牯ㅭ爮獥畯捲獥਍䍞尺獕牥屳祌扵睯䬠浡湩歳祡屡敄歳潴屰髐菑胑臑뻐닐냐近歜牵彳彬ㅴ歜牵彳彬ㅴ歜牵彳彬ㅴ瘮硣牰橯਍㩃啜敳獲䱜畹潢⁷態業獮慫慹䑜獥瑫灯큜톚톃톀킁킾킲톰岏畫獲江瑟就畫獲江瑟就敒敬獡履畫獲江瑟⸱潆浲⸱敲潳牵散൳帊㩃啜敳獲䱜畹潢⁷態業獮慫慹䑜獥瑫灯큜톚톃톀킁킾킲톰岏畫獲江瑟就畫獲江瑟就畫獲江瑟⸱捶灸潲൪䌊尺獕牥屳祌扵睯䬠浡湩歳祡屡敄歳潴屰髐菑胑臑뻐닐냐近歜牵彳彬ㅴ歜牵彳彬ㅴ剜汥慥敳歜牵彳彬ㅴ䘮牯ㅭ爮獥畯捲獥਍䍞尺獕牥屳祌扵睯䬠浡湩歳祡屡敄歳潴屰髐菑胑臑뻐닐냐近歜牵彳彬ㅴ歜牵彳彬ㅴ歜牵彳彬ㅴ瘮硣牰橯਍㩃啜敳獲䱜畹潢⁷態業獮慫慹䑜獥瑫灯큜톚톃톀킁킾킲톰岏畫獲江瑟就畫獲江瑟就敒敬獡履畫獲江瑟⸱潆浲⸱敲潳牵散൳帊㩃啜敳獲䱜畹潢⁷態業獮慫慹䑜獥瑫灯큜톚톃톀킁킾킲톰岏畫獲江瑟就畫獲江瑟就畫獲江瑟⸱捶灸潲൪䌊尺獕牥屳祌扵睯䬠浡湩歳祡屡敄歳潴屰髐菑胑臑뻐닐냐近歜牵彳彬ㅴ歜牵彳彬ㅴ剜汥慥敳歜牵彳彬ㅴ䘮牯ㅭ爮獥畯捲獥਍䑞尺畫獲江瑟就畫獲江瑟就畫獲江瑟⸱捶灸潲൪䐊尺畫獲江瑟就畫獲江瑟就敒敬獡履畫獲江瑟⸱潆浲⸱敲潳牵散൳帊㩄歜牵彳彬ㅴ歜牵彳彬ㅴ歜牵彳彬ㅴ瘮硣牰橯਍㩄歜牵彳彬ㅴ歜牵彳彬ㅴ剜汥慥敳歜牵彳彬ㅴ䘮牯ㅭ爮獥畯捲獥਍䍞尺獕牥屳祌扵睯䬠浡湩歳祡屡敄歳潴屰髐菑胑臑뻐닐냐近歜牵彳彬ㅴ歜牵彳彬ㅴ歜牵彳彬ㅴ瘮硣牰橯਍㩃啜敳獲䱜畹潢⁷態業獮慫慹䑜獥瑫灯큜톚톃톀킁킾킲톰岏畫獲江瑟就畫獲江瑟就敒敬獡履畫獲江瑟⸱潆浲⸱敲潳牵散൳帊㩃啜敳獲䱜畹潢⁷態業獮慫慹䑜獥瑫灯큜톚톃톀킁킾킲톰岏畫獲江瑟就畫獲江瑟就畫獲江瑟⸱捶灸潲൪䌊尺獕牥屳祌扵睯䬠浡湩歳祡屡敄歳潴屰髐菑胑臑뻐닐냐近歜牵彳彬ㅴ歜牵彳彬ㅴ剜汥慥敳歜牵彳彬ㅴ䘮牯ㅭ爮獥畯捲獥਍䍞尺獕牥屳祌扵睯䬠浡湩歳祡屡敄歳潴屰髐菑胑臑뻐닐냐近歜牵彳彬ㅴ歜牵彳彬ㅴ歜牵彳彬ㅴ瘮硣牰橯਍㩃啜敳獲䱜畹潢⁷態業獮慫慹䑜獥瑫灯큜톚톃톀킁킾킲톰岏畫獲江瑟就畫獲江瑟就敒敬獡履畫獲江瑟⸱潆浲⸱敲潳牵散൳帊㩃啜敳獲䱜畹潢⁷態業獮慫慹䑜獥瑫灯큜톚톃톀킁킾킲톰岏畫獲江瑟就畫獲江瑟就畫獲江瑟⸱捶灸潲൪䌊尺獕牥屳祌扵睯䬠浡湩歳祡屡敄歳潴屰髐菑胑臑뻐닐냐近歜牵彳彬ㅴ歜牵彳彬ㅴ剜汥慥敳歜牵彳彬ㅴ䘮牯ㅭ爮獥畯捲獥਍䍞尺獕牥屳祌扵睯䬠浡湩歳祡屡敄歳潴屰髐菑胑臑뻐닐냐近歜牵彳彬ㅴ歜牵彳彬ㅴ歜牵彳彬ㅴ瘮硣牰橯਍㩃啜敳獲䱜畹潢⁷態業獮慫慹䑜獥瑫灯큜톚톃톀킁킾킲톰岏畫獲江瑟就畫獲江瑟就敒敬獡履畫獲江瑟⸱潆浲⸱敲潳牵散൳
C:\USERS\LYUBOW KAMINSKAYA\DESKTOP\Курсовая\KURS_L_T1\RELEASE\KURS_L_T1.EXE
C:\USERS\LYUBOW KAMINSKAYA\DESKTOP\КУРСОВАЯ\KURS_L_T1\RELEASE\KURS_L_T1.PDB
D:\KURS_L_T1\RELEASE\KURS_L_T1.EXE
D:\KURS_L_T1\RELEASE\KURS_L_T1.PDB
C:\USERS\LYUBOW KAMINSKAYA\DESKTOP\Курсовая\KURS_L_T1\KURS_L_T1\RELEASE\APP.RES
D:\KURS_L_T1\KURS_L_T1\RELEASE\APP.RES
C:\Users\Lyubow Kaminskaya\Desktop\Курсовая\kurs_l_t1\kurs_l_t1\Release\kurs_l_t1.vcxproj.GenerateResource.Cache
C:\Users\Lyubow Kaminskaya\Desktop\Курсовая\kurs_l_t1\kurs_l_t1\Release\kurs_l_t1.vcxprojResolveAssemblyReference.cache
C:\Users\Lyubow Kaminskaya\Desktop\Курсовая\kurs_l_t1\kurs_l_t1\Release\.NETFramework,Version=v4.5.AssemblyAttributes.obj
C:\Users\Lyubow Kaminskaya\Desktop\Курсовая\kurs_l_t1\kurs_l_t1\Release\AssemblyInfo.obj
C:\Users\Lyubow Kaminskaya\Desktop\Курсовая\kurs_l_t1\kurs_l_t1\Release\bmp.obj
C:\Users\Lyubow Kaminskaya\Desktop\Курсовая\kurs_l_t1\kurs_l_t1\Release\BmpFile.obj
C:\Users\Lyubow Kaminskaya\Desktop\Курсовая\kurs_l_t1\kurs_l_t1\Release\Drawing.obj
C:\Users\Lyubow Kaminskaya\Desktop\Курсовая\kurs_l_t1\kurs_l_t1\Release\GameFile.obj
C:\Users\Lyubow Kaminskaya\Desktop\Курсовая\kurs_l_t1\kurs_l_t1\Release\kurs_l_t1.obj
C:\Users\Lyubow Kaminskaya\Desktop\Курсовая\kurs_l_t1\kurs_l_t1\Release\LogicalLevel.obj
C:\Users\Lyubow Kaminskaya\Desktop\Курсовая\kurs_l_t1\kurs_l_t1\Release\stdafx.obj
C:\Users\Lyubow Kaminskaya\Desktop\Курсовая\kurs_l_t1\kurs_l_t1\Release\TxtFile.obj
C:\Users\Lyubow Kaminskaya\Desktop\Курсовая\kurs_l_t1\kurs_l_t1\Release\kurs_l_t1.Form1.resources
C:\Users\Lyubow Kaminskaya\Desktop\Курсовая\kurs_l_t1\kurs_l_t1\Release\cl.command.1.tlog
C:\Users\Lyubow Kaminskaya\Desktop\Курсовая\kurs_l_t1\kurs_l_t1\Release\CL.read.1.tlog
C:\Users\Lyubow Kaminskaya\Desktop\Курсовая\kurs_l_t1\kurs_l_t1\Release\CL.write.1.tlog
C:\Users\Lyubow Kaminskaya\Desktop\Курсовая\kurs_l_t1\kurs_l_t1\Release\kurs_l_t1.write.1.tlog
C:\Users\Lyubow Kaminskaya\Desktop\Курсовая\kurs_l_t1\kurs_l_t1\Release\link-cvtres.read.1.tlog
C:\Users\Lyubow Kaminskaya\Desktop\Курсовая\kurs_l_t1\kurs_l_t1\Release\link-cvtres.write.1.tlog
C:\Users\Lyubow Kaminskaya\Desktop\Курсовая\kurs_l_t1\kurs_l_t1\Release\link-rc.read.1.tlog
C:\Users\Lyubow Kaminskaya\Desktop\Курсовая\kurs_l_t1\kurs_l_t1\Release\link-rc.write.1.tlog
C:\Users\Lyubow Kaminskaya\Desktop\Курсовая\kurs_l_t1\kurs_l_t1\Release\link.command.1.tlog
C:\Users\Lyubow Kaminskaya\Desktop\Курсовая\kurs_l_t1\kurs_l_t1\Release\link.read.1.tlog
C:\Users\Lyubow Kaminskaya\Desktop\Курсовая\kurs_l_t1\kurs_l_t1\Release\link.write.1.tlog
C:\Users\Lyubow Kaminskaya\Desktop\Курсовая\kurs_l_t1\kurs_l_t1\Release\metagen.read.1.tlog
C:\Users\Lyubow Kaminskaya\Desktop\Курсовая\kurs_l_t1\kurs_l_t1\Release\metagen.write.1.tlog
C:\Users\Lyubow Kaminskaya\Desktop\Курсовая\kurs_l_t1\kurs_l_t1\Release\rc.command.1.tlog
C:\Users\Lyubow Kaminskaya\Desktop\Курсовая\kurs_l_t1\kurs_l_t1\Release\rc.read.1.tlog
C:\Users\Lyubow Kaminskaya\Desktop\Курсовая\kurs_l_t1\kurs_l_t1\Release\rc.write.1.tlog
C:\Users\Lyubow Kaminskaya\Desktop\Курсовая\kurs_l_t1\kurs_l_t1\Release\app.res
C:\Users\Lyubow Kaminskaya\Desktop\Курсовая\kurs_l_t1\kurs_l_t1\Release\kurs_l_t1.pch
C:\Users\Lyubow Kaminskaya\Desktop\Курсовая\kurs_l_t1\kurs_l_t1\Release\vc110.pdb
C:\Users\Lyubow Kaminskaya\Desktop\Курсовая\kurs_l_t1\kurs_l_t1\Release\TZRES.DLL.bi
C:\Users\Lyubow Kaminskaya\Desktop\Курсовая\kurs_l_t1\Release\kurs_l_t1.pdb
C:\Users\Lyubow Kaminskaya\Desktop\Курсовая\kurs_l_t1\Release\kurs_l_t1.exe
